None
p4p took 119.371µs
None
p4p took 433.019µs

p4p took 620.48µs
None
p4p took 257.52µs
None
p4p took 488.486µs

p4p took 1.125172ms

p4p took 554.92µs

p4p took 201.447µs

p4p took 217.223µs

p4p took 185.863µs

p4p took 290.061µs
None
p4p took 461.292µs

p4p took 491.258µs

p4p took 234.513µs

p4p took 538.418µs

p4p took 554.184µs
None
p4p took 442.419µs

p4p took 487.81µs

p4p took 208.69µs

p4p took 511.172µs
[B@222e782b
p4p took 198.357µs

p4p took 197.721µs

p4p took 535.814µs

p4p took 1.855944ms
[B@3f2ccc6d
p4p took 495.604µs

p4p took 223.575µs
[B@56f87e7b
p4p took 510.294µs
[B@22e9ac22
p4p took 807.26µs
[B@4d1c8129
p4p took 451.05µs

p4p took 389.466µs
[B@22e9ac22
p4p took 599.898µs
[B@2d656a22
p4p took 615.615µs
[B@4f9a0cf9
p4p took 419.923µs
[B@6b19ea8
p4p took 214.044µs
[B@17ac98d9
p4p took 184.261µs

p4p took 177.397µs
[B@5af2d8b9
p4p took 217.576µs
[B@2325e704
p4p took 650.019µs
[B@12f6922e
p4p took 250.86µs
[B@39e3558e
p4p took 770.897µs
[B@9b2364f
p4p took 226.592µs
[B@42a24f5c
p4p took 702.987µs
[B@52b45fb8
p4p took 329.59µs
[B@187b2b7
p4p took 386.798µs
[B@7e5a8967
p4p took 247.762µs

p4p took 399.139µs
[B@7300dd7a
p4p took 643.082µs
[B@52eb40ac
p4p took 696.553µs

p4p took 711.78µs
[B@7ce13718
p4p took 725.555µs
[B@ba6789b
p4p took 742.222µs
[B@2a4ea010
p4p took 366.703µs

p4p took 706.872µs
[B@74b21a6
p4p took 584.529µs

p4p took 361.926µs

p4p took 219.587µs

p4p took 573.938µs
[B@47876f0d
p4p took 347.452µs
[B@4b7d6b7
p4p took 566.257µs
[B@ac0bba6
p4p took 526.256µs
[B@ac0bba6
p4p took 721.185µs
[B@ac0bba6
p4p took 390.216µs
[B@66e7aa98
p4p took 606.489µs
[B@66e7aa98
p4p took 557.622µs
[B@2ad5c773
p4p took 455.692µs
[B@2ad5c773
p4p took 639.508µs
[B@2ad5c773
p4p took 585.264µs
[B@66e7aa98
p4p took 2.223046ms
[B@714ced31
p4p took 704.696µs
[B@7300dd7a
p4p took 542.943µs
[B@7300dd7a
p4p took 624.411µs
[B@714ced31
p4p took 458.289µs
[B@a86733d
p4p took 620.701µs
[B@45a81c51
p4p took 376.043µs
[B@2ddd4d5e
p4p took 562.581µs
[B@485e046f
p4p took 461.993µs
{"timestamp":"2022-10-06T06:01:17.678+00:00","status":500,"error":"Internal Server Error","path":"/api/v1/person/datapath=%21Users%21mac%21singapore%21person1%21src%21main%21python%21data_sample%21small_data.csv=personID=f000aa01-0451-4000-b000-000000000000"}
p4p took 834.469µs
{"timestamp":"2022-10-06T06:04:21.803+00:00","status":500,"error":"Internal Server Error","path":"/api/v1/person/datapath=%21Users%21mac%21singapore%21person1%21src%21main%21python%21data_sample%21small_data.csv=personID=f000aa01-0451-4000-b000-000000000000"}
p4p took 787.857µs
{"timestamp":"2022-10-06T06:31:25.965+00:00","status":500,"error":"Internal Server Error","path":"/api/v1/person/datapath=%21Users%21mac%21singapore%21person1%21src%21main%21python%21data_sample%21small_data.csv=personID=f000aa01-0451-4000-b000-000000000000"}
p4p took 477.502µs
{"timestamp":"2022-10-06T07:08:07.932+00:00","status":500,"error":"Internal Server Error","path":"/api/v1/person/datapath=%21Users%21mac%21singapore%21person1%21src%21main%21python%21data_sample%21small_data.csv=personID=f000aa01-0451-4000-b000-000000000000"}
p4p took 716.467µs
{"timestamp":"2022-10-06T07:13:47.528+00:00","status":500,"error":"Internal Server Error","path":"/api/v1/person/datapath=%21Users%21mac%21singapore%21person1%21src%21main%21python%21data_sample%21small_data.csv=personID=f000aa01-0451-4000-b000-000000000000"}
p4p took 2.244432ms
{"timestamp":"2022-10-06T07:25:09.958+00:00","status":500,"error":"Internal Server Error","path":"/api/v1/person/datapath=%21Users%21mac%21singapore%21person1%21src%21main%21python%21data_sample%21small_data.csv=personID=f000aa01-0451-4000-b000-000000000000"}
p4p took 494.157µs
checkFinal
p4p took 351.392µs
checkFinal
p4p took 598.488µs
checkFinal
p4p took 378.145µs
checkFinal
p4p took 369.006µs
checkFinal
p4p took 377.188µs
{"timestamp":"2022-10-06T09:13:19.708+00:00","status":500,"error":"Internal Server Error","path":"/api/v1/person/datapath=%21Users%21mac%21singapore%21person1%21src%21main%21python%21data_sample%21small_data.csv=personID=f000aa01-0451-4000-b000-000000000000"}
p4p took 1.507416ms
checkFinal
p4p took 649.364µs
checkFinal
p4p took 368.252µs
checkFinal
p4p took 484.052µs
{"timestamp":"2022-10-09T08:19:21.185+00:00","status":500,"error":"Internal Server Error","path":"/api/v1/person/datapath=%21Users%21mac%21singapore%21person1%21src%21main%21python%21data_sample%21small_data.csv=personID=f000aa01-0451-4000-b000-000000000000"}
p4p took 578.274µs
checkFinal
p4p took 403.676µs
checkFinal
p4p took 361.398µs
checkFinal
p4p took 533.556µs
checkFinal
p4p took 387.675µs
checkFinal
p4p took 401.986µs
